{"level":"info","message":"Database initialized","timestamp":"2024-11-09T09:39:52.126Z"}
{"level":"info","message":"Server is running on http://localhost:3000","timestamp":"2024-11-09T09:39:52.135Z"}
{"level":"info","message":"API Documentation available at http://localhost:3000/api-docs","timestamp":"2024-11-09T09:39:52.135Z"}
{"level":"info","message":"Database initialized","timestamp":"2024-11-09T09:48:09.522Z"}
{"level":"info","message":"Server is running on http://localhost:3000","timestamp":"2024-11-09T09:48:09.529Z"}
{"level":"info","message":"API Documentation available at http://localhost:3000/api-docs","timestamp":"2024-11-09T09:48:09.529Z"}
{"level":"info","message":"Database initialized","timestamp":"2024-11-09T09:49:31.772Z"}
{"level":"info","message":"Server is running on http://localhost:3000","timestamp":"2024-11-09T09:49:31.779Z"}
{"level":"info","message":"API Documentation available at http://localhost:3000/api-docs","timestamp":"2024-11-09T09:49:31.780Z"}
{"level":"error","message":"Error during initialization:","timestamp":"2024-11-09T10:00:34.397Z"}
{"level":"info","message":"Database initialized","timestamp":"2024-11-09T10:01:41.568Z"}
{"level":"info","message":"Server is running on http://localhost:3000","timestamp":"2024-11-09T10:01:41.576Z"}
{"level":"info","message":"API Documentation available at http://localhost:3000/api-docs","timestamp":"2024-11-09T10:01:41.584Z"}
{"level":"info","message":"Database initialized","timestamp":"2024-11-09T10:03:35.230Z"}
{"level":"info","message":"Server is running on http://localhost:3000","timestamp":"2024-11-09T10:03:35.237Z"}
{"level":"info","message":"API Documentation available at http://localhost:3000/api-docs","timestamp":"2024-11-09T10:03:35.238Z"}
{"level":"info","message":"Database initialized","timestamp":"2024-11-09T10:03:46.439Z"}
{"level":"info","message":"Server is running on http://localhost:3000","timestamp":"2024-11-09T10:03:46.459Z"}
{"level":"info","message":"API Documentation available at http://localhost:3000/api-docs","timestamp":"2024-11-09T10:03:46.496Z"}
{"level":"info","message":"Database initialized","timestamp":"2024-11-09T10:04:29.285Z"}
{"level":"info","message":"Server is running on http://localhost:3000","timestamp":"2024-11-09T10:04:29.293Z"}
{"level":"info","message":"API Documentation available at http://localhost:3000/api-docs","timestamp":"2024-11-09T10:04:29.295Z"}
{"level":"info","message":"Database initialized","timestamp":"2024-11-09T10:04:37.688Z"}
{"level":"info","message":"Server is running on http://localhost:3000","timestamp":"2024-11-09T10:04:37.705Z"}
{"level":"info","message":"API Documentation available at http://localhost:3000/api-docs","timestamp":"2024-11-09T10:04:37.706Z"}
{"level":"info","message":"Database initialized","timestamp":"2024-11-09T10:04:52.547Z"}
{"level":"info","message":"Server is running on http://localhost:3000","timestamp":"2024-11-09T10:04:52.563Z"}
{"level":"info","message":"API Documentation available at http://localhost:3000/api-docs","timestamp":"2024-11-09T10:04:52.565Z"}
{"level":"info","message":"Database initialized","timestamp":"2024-11-09T10:08:09.844Z"}
{"level":"info","message":"Server is running on http://localhost:3000","timestamp":"2024-11-09T10:08:09.850Z"}
{"level":"info","message":"API Documentation available at http://localhost:3000/api-docs","timestamp":"2024-11-09T10:08:09.850Z"}
{"level":"info","message":"Database initialized","timestamp":"2024-11-09T10:08:55.506Z"}
{"level":"info","message":"Server is running on http://localhost:3000","timestamp":"2024-11-09T10:08:55.515Z"}
{"level":"info","message":"API Documentation available at http://localhost:3000/api-docs","timestamp":"2024-11-09T10:08:55.515Z"}
{"level":"info","message":"Database initialized","timestamp":"2024-11-09T10:09:37.983Z"}
{"level":"info","message":"Server is running on http://localhost:3000","timestamp":"2024-11-09T10:09:37.989Z"}
{"level":"info","message":"API Documentation available at http://localhost:3000/api-docs","timestamp":"2024-11-09T10:09:37.990Z"}
{"level":"info","message":"Database initialized","timestamp":"2024-11-09T10:12:23.977Z"}
{"level":"info","message":"Server is running on http://localhost:3000","timestamp":"2024-11-09T10:12:23.982Z"}
{"level":"info","message":"API Documentation available at http://localhost:3000/api-docs","timestamp":"2024-11-09T10:12:23.983Z"}
{"level":"info","message":"Database initialized","timestamp":"2024-11-09T10:12:44.004Z"}
{"level":"info","message":"Server is running on http://localhost:3000","timestamp":"2024-11-09T10:12:44.013Z"}
{"level":"info","message":"API Documentation available at http://localhost:3000/api-docs","timestamp":"2024-11-09T10:12:44.014Z"}
{"level":"info","message":"Database initialized","timestamp":"2024-11-09T10:13:00.148Z"}
{"level":"info","message":"Server is running on http://localhost:3000","timestamp":"2024-11-09T10:13:00.154Z"}
{"level":"info","message":"API Documentation available at http://localhost:3000/api-docs","timestamp":"2024-11-09T10:13:00.155Z"}
{"level":"info","message":"Database initialized","timestamp":"2024-11-09T10:13:31.854Z"}
{"level":"info","message":"Server is running on http://localhost:3000","timestamp":"2024-11-09T10:13:31.862Z"}
{"level":"info","message":"API Documentation available at http://localhost:3000/api-docs","timestamp":"2024-11-09T10:13:31.862Z"}
{"level":"info","message":"Database initialized","timestamp":"2024-11-09T10:13:57.613Z"}
{"level":"info","message":"Server is running on http://localhost:3000","timestamp":"2024-11-09T10:13:57.620Z"}
{"level":"info","message":"API Documentation available at http://localhost:3000/api-docs","timestamp":"2024-11-09T10:13:57.620Z"}
{"level":"info","message":"Database initialized","timestamp":"2024-11-09T10:16:47.186Z"}
{"level":"info","message":"Server is running on http://localhost:3000","timestamp":"2024-11-09T10:16:47.193Z"}
{"level":"info","message":"API Documentation available at http://localhost:3000/api-docs","timestamp":"2024-11-09T10:16:47.194Z"}
{"level":"info","message":"Database initialized","timestamp":"2024-11-09T10:17:50.781Z"}
{"level":"info","message":"Server is running on http://localhost:3000","timestamp":"2024-11-09T10:17:50.789Z"}
{"level":"info","message":"API Documentation available at http://localhost:3000/api-docs","timestamp":"2024-11-09T10:17:50.789Z"}
{"level":"info","message":"Database initialized","timestamp":"2024-11-09T10:18:54.228Z"}
{"level":"info","message":"Server is running on http://localhost:3000","timestamp":"2024-11-09T10:18:54.235Z"}
{"level":"info","message":"API Documentation available at http://localhost:3000/api-docs","timestamp":"2024-11-09T10:18:54.235Z"}
{"level":"info","message":"Database initialized","timestamp":"2024-11-09T10:19:28.058Z"}
{"level":"info","message":"Server is running on http://localhost:3000","timestamp":"2024-11-09T10:19:28.075Z"}
{"level":"info","message":"API Documentation available at http://localhost:3000/api-docs","timestamp":"2024-11-09T10:19:28.078Z"}
{"level":"info","message":"Database initialized","timestamp":"2024-11-09T10:20:06.560Z"}
{"level":"info","message":"Server is running on http://localhost:3000","timestamp":"2024-11-09T10:20:06.567Z"}
{"level":"info","message":"API Documentation available at http://localhost:3000/api-docs","timestamp":"2024-11-09T10:20:06.567Z"}
{"level":"info","message":"Database initialized","timestamp":"2024-11-09T10:21:09.396Z"}
{"level":"info","message":"Server is running on http://localhost:3000","timestamp":"2024-11-09T10:21:09.404Z"}
{"level":"info","message":"API Documentation available at http://localhost:3000/api-docs","timestamp":"2024-11-09T10:21:09.404Z"}
{"level":"info","message":"Database initialized","timestamp":"2024-11-09T10:26:49.052Z"}
{"level":"info","message":"Server is running on http://localhost:3000","timestamp":"2024-11-09T10:26:49.074Z"}
{"level":"info","message":"API Documentation available at http://localhost:3000/api-docs","timestamp":"2024-11-09T10:26:49.075Z"}
{"level":"info","message":"Database initialized","timestamp":"2024-11-09T11:09:15.144Z"}
{"level":"info","message":"Server is running on http://localhost:3000","timestamp":"2024-11-09T11:09:15.207Z"}
{"level":"info","message":"API Documentation available at http://localhost:3000/api-docs","timestamp":"2024-11-09T11:09:15.234Z"}
{"level":"info","message":"Database initialized","timestamp":"2024-11-09T11:12:01.242Z"}
{"level":"info","message":"Server is running on http://localhost:3000","timestamp":"2024-11-09T11:12:01.252Z"}
{"level":"info","message":"API Documentation available at http://localhost:3000/api-docs","timestamp":"2024-11-09T11:12:01.253Z"}
{"level":"info","message":"Database initialized","timestamp":"2024-11-09T11:13:40.400Z"}
{"level":"info","message":"Server is running on http://localhost:3000","timestamp":"2024-11-09T11:13:40.408Z"}
{"level":"info","message":"API Documentation available at http://localhost:3000/api-docs","timestamp":"2024-11-09T11:13:40.409Z"}
{"level":"info","message":"Database initialized","timestamp":"2024-11-09T11:21:49.910Z"}
{"level":"info","message":"Server is running on http://localhost:3000","timestamp":"2024-11-09T11:21:49.917Z"}
{"level":"info","message":"API Documentation available at http://localhost:3000/api-docs","timestamp":"2024-11-09T11:21:49.917Z"}
{"level":"info","message":"Database initialized","timestamp":"2024-11-09T11:45:05.676Z"}
{"level":"info","message":"Server is running on http://localhost:3000","timestamp":"2024-11-09T11:45:05.684Z"}
{"level":"info","message":"API Documentation available at http://localhost:3000/api-docs","timestamp":"2024-11-09T11:45:05.685Z"}
{"level":"info","message":"Database initialized","timestamp":"2024-11-09T11:47:16.742Z"}
{"level":"info","message":"Server is running on http://localhost:3000","timestamp":"2024-11-09T11:47:16.749Z"}
{"level":"info","message":"API Documentation available at http://localhost:3000/api-docs","timestamp":"2024-11-09T11:47:16.749Z"}
2024-11-09 20:49:11 [INFO] - Database initialized
2024-11-09 20:49:11 [INFO] - Server is running on http://localhost:3000
2024-11-09 20:49:11 [INFO] - API Documentation available at http://localhost:3000/api-docs
2024-11-09 20:49:45 [INFO] - Database initialized
2024-11-09 20:49:45 [INFO] - Server is running on http://localhost:3000
2024-11-09 20:49:45 [INFO] - API Documentation available at http://localhost:3000/api-docs
2024-11-09 20:53:20 [INFO] - Database initialized
2024-11-09 20:53:20 [INFO] - Server is running on http://localhost:3000
2024-11-09 20:53:20 [INFO] - API Documentation available at http://localhost:3000/api-docs
2024-11-09 20:56:56 [INFO] - Database initialized
2024-11-09 20:56:56 [INFO] - Server is running on http://localhost:3000
2024-11-09 20:56:56 [INFO] - API Documentation available at http://localhost:3000/api-docs
2024-11-09 21:00:01 [INFO] - Database initialized
2024-11-09 21:00:01 [INFO] - Server is running on http://localhost:3000
2024-11-09 21:00:01 [INFO] - API Documentation available at http://localhost:3000/api-docs
2024-11-09 21:00:56 [INFO] - Database initialized
2024-11-09 21:00:56 [INFO] - Server is running on http://localhost:3000
2024-11-09 21:00:56 [INFO] - API Documentation available at http://localhost:3000/api-docs
2024-11-09 21:01:25 [INFO] - Database initialized
2024-11-09 21:01:25 [INFO] - Server is running on http://localhost:3000
2024-11-09 21:01:25 [INFO] - API Documentation available at http://localhost:3000/api-docs
2024-11-09 21:01:41 [INFO] - Database initialized
2024-11-09 21:01:41 [INFO] - Server is running on http://localhost:3000
2024-11-09 21:01:41 [INFO] - API Documentation available at http://localhost:3000/api-docs
2024-11-09 21:01:52 [INFO] - Database initialized
2024-11-09 21:01:52 [INFO] - Server is running on http://localhost:3000
2024-11-09 21:01:52 [INFO] - API Documentation available at http://localhost:3000/api-docs
2024-11-09 21:30:29 [INFO] - Database initialized
2024-11-09 21:30:29 [INFO] - Server is running on http://localhost:3000
2024-11-09 21:30:29 [INFO] - API Documentation available at http://localhost:3000/api-docs
2024-11-09 21:32:11 [INFO] - Database initialized
2024-11-09 21:32:11 [INFO] - Server is running on http://localhost:3000
2024-11-09 21:32:11 [INFO] - API Documentation available at http://localhost:3000/api-docs
2024-11-09 21:36:57 [INFO] - Database initialized
2024-11-09 21:36:57 [INFO] - Server is running on http://localhost:3000
2024-11-09 21:36:57 [INFO] - API Documentation available at http://localhost:3000/api-docs
2024-11-09 21:37:16 [INFO] - Database initialized
2024-11-09 21:37:16 [INFO] - Server is running on http://localhost:3000
2024-11-09 21:37:16 [INFO] - API Documentation available at http://localhost:3000/api-docs
2024-11-09 21:48:38 [INFO] - Database initialized
2024-11-09 21:48:38 [INFO] - Server is running on http://localhost:3000
2024-11-09 21:48:38 [INFO] - API Documentation available at http://localhost:3000/api-docs
2024-11-09 21:49:27 [INFO] - Database initialized
2024-11-09 21:49:27 [INFO] - Server is running on http://localhost:3000
2024-11-09 21:49:27 [INFO] - API Documentation available at http://localhost:3000/api-docs
2024-11-09 21:50:55 [INFO] - Database initialized
2024-11-09 21:50:55 [INFO] - Server is running on http://localhost:3000
2024-11-09 21:50:55 [INFO] - API Documentation available at http://localhost:3000/api-docs
2024-11-09 21:52:15 [INFO] - Database initialized
2024-11-09 21:52:15 [INFO] - Server is running on http://localhost:3000
2024-11-09 21:52:15 [INFO] - API Documentation available at http://localhost:3000/api-docs
2024-11-09 21:57:32 [INFO] - Database initialized
2024-11-09 21:57:32 [INFO] - Server is running on http://localhost:3000
2024-11-09 21:57:32 [INFO] - API Documentation available at http://localhost:3000/api-docs
2024-11-09 22:03:49 [INFO] - Database initialized
2024-11-09 22:03:49 [INFO] - Server is running on http://localhost:3000
2024-11-09 22:03:49 [INFO] - API Documentation available at http://localhost:3000/api-docs
2024-11-09 22:04:35 [INFO] - Database initialized
2024-11-09 22:04:35 [INFO] - Server is running on http://localhost:3000
2024-11-09 22:04:35 [INFO] - API Documentation available at http://localhost:3000/api-docs
2024-11-09 22:04:51 [INFO] - Database initialized
2024-11-09 22:04:51 [INFO] - Server is running on http://localhost:3000
2024-11-09 22:04:51 [INFO] - API Documentation available at http://localhost:3000/api-docs
2024-11-09 22:10:32 [INFO] - Database initialized
2024-11-09 22:10:32 [INFO] - Server is running on http://localhost:3000
2024-11-09 22:10:32 [INFO] - API Documentation available at http://localhost:3000/api-docs
2024-11-09 22:12:39 [INFO] - Database initialized
2024-11-09 22:12:39 [INFO] - Server is running on http://localhost:3000
2024-11-09 22:12:39 [INFO] - API Documentation available at http://localhost:3000/api-docs
2024-11-09 22:13:17 [INFO] - Database initialized
2024-11-09 22:13:17 [INFO] - Server is running on http://localhost:3000
2024-11-09 22:13:17 [INFO] - API Documentation available at http://localhost:3000/api-docs
2024-11-09 22:13:58 [INFO] - Database initialized
2024-11-09 22:13:58 [INFO] - Server is running on http://localhost:3000
2024-11-09 22:13:58 [INFO] - API Documentation available at http://localhost:3000/api-docs
2024-11-09 22:14:08 [INFO] - Database initialized
2024-11-09 22:14:08 [INFO] - Server is running on http://localhost:3000
2024-11-09 22:14:08 [INFO] - API Documentation available at http://localhost:3000/api-docs
2024-11-09 22:14:51 [INFO] - Database initialized
2024-11-09 22:14:51 [INFO] - Server is running on http://localhost:3000
2024-11-09 22:14:51 [INFO] - API Documentation available at http://localhost:3000/api-docs
2024-11-09 22:15:18 [INFO] - Database initialized
2024-11-09 22:15:18 [INFO] - Server is running on http://localhost:3000
2024-11-09 22:15:18 [INFO] - API Documentation available at http://localhost:3000/api-docs
2024-11-09 22:15:38 [INFO] - Database initialized
2024-11-09 22:15:38 [INFO] - Server is running on http://localhost:3000
2024-11-09 22:15:38 [INFO] - API Documentation available at http://localhost:3000/api-docs
2024-11-09 22:18:40 [INFO] - Database initialized
2024-11-09 22:18:40 [INFO] - Server is running on http://localhost:3000
2024-11-09 22:18:40 [INFO] - API Documentation available at http://localhost:3000/api-docs
2024-11-09 22:19:19 [INFO] - Database initialized
2024-11-09 22:19:19 [INFO] - Server is running on http://localhost:3000
2024-11-09 22:19:19 [INFO] - API Documentation available at http://localhost:3000/api-docs
2024-11-09 22:33:03 [INFO] - Database initialized
2024-11-09 22:33:03 [INFO] - Server is running on http://localhost:3000
2024-11-09 22:33:03 [INFO] - API Documentation available at http://localhost:3000/api-docs
2024-11-09 22:35:15 [INFO] - Database initialized
2024-11-09 22:35:15 [INFO] - Server is running on http://localhost:3000
2024-11-09 22:35:15 [INFO] - API Documentation available at http://localhost:3000/api-docs
2024-11-09 22:36:14 [INFO] - Database initialized
2024-11-09 22:36:14 [INFO] - Server is running on http://localhost:3000
2024-11-09 22:36:14 [INFO] - API Documentation available at http://localhost:3000/api-docs
2024-11-09 22:47:05 [INFO] - Route registered: /api/v1/users
2024-11-09 22:47:05 [INFO] - Route registered: /api/v1/departments
2024-11-09 22:47:05 [INFO] - Route registered: /api/v1/point-balances
2024-11-09 22:47:05 [INFO] - Database initialized
2024-11-09 22:47:05 [INFO] - Server is running on http://localhost:3000
2024-11-09 22:47:05 [INFO] - API Documentation available at http://localhost:3000/api-docs
2024-11-09 22:48:21 [INFO] - Route registered: /api/v1/users
2024-11-09 22:48:21 [INFO] - Route registered: /api/v1/departments
2024-11-09 22:48:21 [INFO] - Route registered: /api/v1/point-balances
2024-11-09 22:48:21 [INFO] - Database initialized
2024-11-09 22:48:21 [INFO] - Server is running on http://localhost:3000
2024-11-09 22:48:21 [INFO] - API Documentation available at http://localhost:3000/api-docs
2024-11-09 22:49:52 [INFO] - Route registered: [admin] /api/v1/users
2024-11-09 22:49:52 [INFO] - Route registered: [admin] /api/v1/departments
2024-11-09 22:49:52 [INFO] - Route registered: [user] /api/v1/point-balances
2024-11-09 22:49:52 [INFO] - Database initialized
2024-11-09 22:49:52 [INFO] - Server is running on http://localhost:3000
2024-11-09 22:49:52 [INFO] - API Documentation available at http://localhost:3000/api-docs
2024-11-09 23:19:44 [INFO] - Route registered: [admin] /api/v1/users
2024-11-09 23:19:44 [INFO] - Route registered: [admin] /api/v1/departments
2024-11-09 23:19:44 [INFO] - Route registered: [user] /api/v1/point-balances
2024-11-09 23:19:44 [ERROR] - Error during initialization:
2024-11-10 00:56:06 [INFO] - Common route registered: /api/v1/users
2024-11-10 00:56:06 [INFO] - Admin route registered: /api/v1/admin/departments
2024-11-10 00:56:06 [INFO] - User route registered: /api/v1/user/point-balances
2024-11-10 00:56:06 [ERROR] - Error during initialization:
2024-11-10 00:58:00 [INFO] - Common route registered: /api/v1/users
2024-11-10 00:58:00 [INFO] - Admin route registered: /api/v1/admin/departments
2024-11-10 00:58:00 [INFO] - User route registered: /api/v1/user/point-balances
2024-11-10 00:58:00 [INFO] - Database initialized
2024-11-10 00:58:00 [INFO] - Server is running on http://localhost:3000
2024-11-10 00:58:00 [INFO] - API Documentation available at http://localhost:3000/api-docs
2024-11-10 00:58:57 [INFO] - GET /api/v1/points/balance/8237
2024-11-10 00:58:57 [INFO] - GET /api/v1/points/balance/8237
2024-11-10 00:59:54 [INFO] - Common route registered: /api/v1/users
2024-11-10 00:59:54 [INFO] - Admin route registered: /api/v1/admin/departments
2024-11-10 00:59:54 [INFO] - User route registered: /api/v1/user/point-balances
2024-11-10 00:59:54 [INFO] - Database initialized
2024-11-10 00:59:54 [INFO] - Server is running on http://localhost:3000
2024-11-10 00:59:54 [INFO] - API Documentation available at http://localhost:3000/api-docs
2024-11-10 01:00:09 [INFO] - Common route registered: /api/v1/users
2024-11-10 01:00:09 [INFO] - Admin route registered: /api/v1/admin/departments
2024-11-10 01:00:09 [INFO] - User route registered: /api/v1/user/point-balances
2024-11-10 01:00:09 [INFO] - Database initialized
2024-11-10 01:00:09 [INFO] - Server is running on http://localhost:3000
2024-11-10 01:00:09 [INFO] - API Documentation available at http://localhost:3000/api-docs
2024-11-10 01:00:13 [INFO] - GET /api/v1/points/balance/8237
2024-11-10 01:00:13 [INFO] - GET /api/v1/points/balance/8237
2024-11-10 01:00:38 [INFO] - Common route registered: /api/v1/users
2024-11-10 01:00:38 [INFO] - Admin route registered: /api/v1/admin/departments
2024-11-10 01:00:38 [INFO] - User route registered: /api/v1/user/point-balances
2024-11-10 01:00:38 [INFO] - Database initialized
2024-11-10 01:00:38 [INFO] - Server is running on http://localhost:3000
2024-11-10 01:00:38 [INFO] - API Documentation available at http://localhost:3000/api-docs
2024-11-10 01:02:07 [INFO] - Common route registered: /api/v1/users
2024-11-10 01:02:07 [INFO] - Admin route registered: /api/v1/admin/departments
2024-11-10 01:02:07 [INFO] - User route registered: /api/v1/user/point-balances
2024-11-10 01:02:07 [INFO] - Database initialized
2024-11-10 01:02:07 [INFO] - Server is running on http://localhost:3000
2024-11-10 01:02:07 [INFO] - API Documentation available at http://localhost:3000/api-docs
2024-11-10 01:02:11 [INFO] - GET /api/v1/points/balance/8237
2024-11-10 01:02:11 [INFO] - GET /api/v1/points/balance/8237
2024-11-10 01:02:19 [INFO] - GET /api/v1/points/balance/8237
2024-11-10 01:02:19 [INFO] - GET /api/v1/points/balance/8237
2024-11-10 01:03:04 [INFO] - Common route registered: /api/v1/users
2024-11-10 01:03:04 [INFO] - Admin route registered: /api/v1/admin/departments
2024-11-10 01:03:04 [INFO] - User route registered: /api/v1/user/point-balances
2024-11-10 01:03:04 [INFO] - Database initialized
2024-11-10 01:03:04 [INFO] - Server is running on http://localhost:3000
2024-11-10 01:03:04 [INFO] - API Documentation available at http://localhost:3000/api-docs
2024-11-10 01:03:07 [INFO] - GET /api/v1/points/balance/8237
2024-11-10 01:03:07 [INFO] - GET /api/v1/points/balance/8237
2024-11-10 01:09:49 [INFO] - Common route registered: /api/v1/users
2024-11-10 01:09:49 [INFO] - Admin route registered: /api/v1/admin/departments
2024-11-10 01:09:49 [INFO] - User route registered: /api/v1/user/point-balances
2024-11-10 01:09:49 [INFO] - Database initialized
2024-11-10 01:09:49 [INFO] - Server is running on http://localhost:3000
2024-11-10 01:09:49 [INFO] - API Documentation available at http://localhost:3000/api-docs
2024-11-10 01:10:34 [INFO] - Common route registered: /api/v1/users
2024-11-10 01:10:35 [INFO] - Admin route registered: /api/v1/admin/departments
2024-11-10 01:10:35 [INFO] - User route registered: /api/v1/user/point-balances
2024-11-10 01:10:35 [INFO] - Database initialized
2024-11-10 01:10:35 [INFO] - Server is running on http://localhost:3000
2024-11-10 01:10:35 [INFO] - API Documentation available at http://localhost:3000/api-docs
2024-11-10 09:31:43 [INFO] - Database initialized
2024-11-10 09:31:43 [INFO] - Server is running on http://localhost:3000
2024-11-10 09:31:43 [INFO] - API Documentation available at http://localhost:3000/api-docs
2024-11-10 09:32:04 [INFO] - Incoming request
2024-11-10 09:32:04 [WARN] - Route not found: GET /assets/favicon.ico
2024-11-10 09:32:04 [WARN] - GET /assets/favicon.ico 404 - ::1
2024-11-10 09:32:24 [INFO] - Incoming request
2024-11-10 09:32:24 [WARN] - Route not found: GET /
2024-11-10 09:32:24 [WARN] - GET / 404 - ::1
2024-11-10 09:33:15 [INFO] - Database initialized
2024-11-10 09:33:15 [INFO] - Server is running on http://localhost:3000
2024-11-10 09:33:15 [INFO] - API Documentation available at http://localhost:3000/api-docs
2024-11-10 09:33:24 [INFO] - Incoming request
2024-11-10 09:33:24 [WARN] - Route not found: GET /
2024-11-10 09:33:24 [WARN] - GET / 404 - ::1
2024-11-10 09:33:34 [INFO] - Incoming request
2024-11-10 09:33:34 [WARN] - Route not found: GET /
2024-11-10 09:33:34 [WARN] - GET / 404 - ::1
2024-11-10 09:33:37 [INFO] - Incoming request
2024-11-10 09:33:37 [WARN] - Route not found: GET /assets/favicon.ico
2024-11-10 09:33:37 [WARN] - GET /assets/favicon.ico 404 - ::1
2024-11-10 09:33:55 [INFO] - Incoming request
2024-11-10 09:33:55 [WARN] - Route not found: GET /users
2024-11-10 09:33:55 [WARN] - GET /users 404 - ::1
2024-11-10 09:55:51 [INFO] - Incoming request
2024-11-10 09:55:51 [WARN] - Route not found: GET /
2024-11-10 09:55:51 [WARN] - GET / 404 - ::1
2024-11-10 09:55:53 [INFO] - Incoming request
2024-11-10 09:55:53 [WARN] - Route not found: GET /api
2024-11-10 09:55:53 [WARN] - GET /api 404 - ::1
2024-11-10 09:55:57 [INFO] - Incoming request
2024-11-10 09:55:57 [WARN] - Route not found: GET /assets/favicon.ico
2024-11-10 09:55:57 [WARN] - GET /assets/favicon.ico 404 - ::1
2024-11-10 09:56:32 [INFO] - Incoming request
2024-11-10 09:56:32 [WARN] - Route not found: GET /
2024-11-10 09:56:32 [WARN] - GET / 404 - ::1
2024-11-10 09:56:36 [INFO] - Incoming request
2024-11-10 09:56:36 [WARN] - Route not found: GET /assets/favicon.ico
2024-11-10 09:56:36 [WARN] - GET /assets/favicon.ico 404 - ::1
2024-11-10 09:58:51 [INFO] - Incoming request
2024-11-10 09:58:51 [WARN] - Route not found: GET /assets/favicon.ico
2024-11-10 09:58:51 [WARN] - GET /assets/favicon.ico 404 - ::1
2024-11-10 10:04:32 [INFO] - Database initialized
2024-11-10 10:04:32 [INFO] - Server is running on http://localhost:3000
2024-11-10 10:04:32 [INFO] - API Documentation available at http://localhost:3000/api-docs
2024-11-10 10:05:03 [INFO] - Incoming request
2024-11-10 10:05:03 [WARN] - Route not found: GET /assets/favicon.ico
2024-11-10 10:05:03 [WARN] - GET /assets/favicon.ico 404 - ::1
2024-11-10 10:08:55 [INFO] - Swagger documentation initialized
2024-11-10 10:08:55 [INFO] - Database initialized
2024-11-10 10:08:55 [INFO] - Server is running on http://localhost:3000
2024-11-10 10:08:55 [INFO] - API Documentation available at http://localhost:3000/api-docs
2024-11-10 10:09:14 [INFO] - Incoming request
2024-11-10 10:09:14 [WARN] - Route not found: GET /
2024-11-10 10:09:20 [INFO] - Incoming request
2024-11-10 10:09:20 [WARN] - Route not found: GET /
2024-11-10 10:09:21 [INFO] - Incoming request
2024-11-10 10:09:21 [WARN] - Route not found: GET /assets/favicon.ico
2024-11-10 10:11:26 [INFO] - Incoming request
2024-11-10 10:11:26 [WARN] - Route not found: GET /api/v1/points/user
2024-11-10 10:11:30 [INFO] - Incoming request
2024-11-10 10:11:54 [INFO] - Incoming request
2024-11-10 10:12:06 [INFO] - Incoming request
2024-11-10 10:12:06 [WARN] - Route not found: GET /assets/favicon.ico
2024-11-10 10:12:46 [INFO] - Incoming request
2024-11-10 10:12:46 [WARN] - Route not found: GET /assets/favicon.ico
2024-11-10 10:18:10 [INFO] - Swagger documentation initialized
2024-11-10 10:18:11 [INFO] - Database initialized
2024-11-10 10:18:11 [INFO] - Server is running on http://localhost:3000
2024-11-10 10:18:11 [INFO] - API Documentation available at http://localhost:3000/api-docs
2024-11-10 10:19:48 [INFO] - Swagger documentation initialized
2024-11-10 10:19:48 [INFO] - Database initialized
2024-11-10 10:19:48 [INFO] - Server is running on http://localhost:3000
2024-11-10 10:19:48 [INFO] - API Documentation available at http://localhost:3000/api-docs
2024-11-10 10:21:48 [INFO] - Swagger documentation initialized
2024-11-10 10:21:48 [INFO] - Database initialized
2024-11-10 10:21:48 [INFO] - Server is running on http://localhost:3000
2024-11-10 10:21:48 [INFO] - API Documentation available at http://localhost:3000/api-docs
2024-11-10 10:22:01 [INFO] - Swagger documentation initialized
2024-11-10 10:22:02 [INFO] - Database initialized
2024-11-10 10:22:02 [INFO] - Server is running on http://localhost:3000
2024-11-10 10:22:02 [INFO] - API Documentation available at http://localhost:3000/api-docs
2024-11-10 10:22:48 [INFO] - Incoming request
2024-11-10 10:22:48 [WARN] - Route not found: GET /
2024-11-10 10:22:50 [INFO] - Incoming request
2024-11-10 10:22:50 [WARN] - Route not found: GET /api-doc
2024-11-10 10:22:51 [INFO] - Incoming request
2024-11-10 10:22:51 [WARN] - Route not found: GET /assets/favicon.ico
2024-11-10 10:23:16 [INFO] - Incoming request
2024-11-10 10:23:16 [ERROR] - Error: invalid input syntax for type uuid: "8237"
2024-11-10 10:24:11 [INFO] - Incoming request
2024-11-10 10:24:11 [WARN] - Route not found: POST /api/v1//user
2024-11-10 10:24:55 [INFO] - Incoming request
2024-11-10 10:24:55 [WARN] - Route not found: POST /api/v1/user
2024-11-10 10:25:17 [INFO] - Incoming request
2024-11-10 10:25:17 [WARN] - Route not found: POST /api/v1/user/
2024-11-10 10:25:38 [INFO] - Incoming request
2024-11-10 10:25:56 [INFO] - Incoming request
2024-11-10 10:25:56 [ERROR] - Error: duplicate key value violates unique constraint "UQ_5c25de24d7c3154e6a758b38f07"
2024-11-10 10:26:13 [INFO] - Incoming request
2024-11-10 10:26:13 [ERROR] - Error: duplicate key value violates unique constraint "UQ_5c25de24d7c3154e6a758b38f07"
2024-11-10 10:26:23 [INFO] - Incoming request
2024-11-10 10:26:23 [ERROR] - Error: duplicate key value violates unique constraint "UQ_5c25de24d7c3154e6a758b38f07"
2024-11-10 10:26:34 [INFO] - Incoming request
2024-11-10 10:26:34 [ERROR] - Error: duplicate key value violates unique constraint "UQ_5c25de24d7c3154e6a758b38f07"
2024-11-10 10:27:09 [INFO] - Incoming request
2024-11-10 10:27:09 [ERROR] - Error: duplicate key value violates unique constraint "UQ_5c25de24d7c3154e6a758b38f07"
2024-11-10 10:28:44 [INFO] - Swagger documentation initialized
2024-11-10 10:28:44 [INFO] - Database initialized
2024-11-10 10:28:44 [INFO] - Server is running on http://localhost:3000
2024-11-10 10:28:44 [INFO] - API Documentation available at http://localhost:3000/api-docs
2024-11-10 10:28:58 [INFO] - Incoming request
2024-11-10 10:28:58 [ERROR] - Error: duplicate key value violates unique constraint "UQ_5c25de24d7c3154e6a758b38f07"
2024-11-10 10:30:35 [INFO] - Incoming request
2024-11-10 10:30:35 [ERROR] - Error: duplicate key value violates unique constraint "UQ_5c25de24d7c3154e6a758b38f07"
2024-11-10 10:30:47 [INFO] - Incoming request
2024-11-10 10:30:47 [ERROR] - Error: duplicate key value violates unique constraint "UQ_5c25de24d7c3154e6a758b38f07"
2024-11-10 10:38:06 [INFO] - Swagger documentation initialized
2024-11-10 10:38:07 [INFO] - Database initialized
2024-11-10 10:38:07 [INFO] - Server is running on http://localhost:3000
2024-11-10 10:38:07 [INFO] - API Documentation available at http://localhost:3000/api-docs
2024-11-10 10:38:24 [INFO] - Incoming request
2024-11-10 10:38:37 [INFO] - Incoming request
2024-11-10 10:38:37 [ERROR] - Error: duplicate key value violates unique constraint "UQ_5c25de24d7c3154e6a758b38f07"
2024-11-10 10:46:38 [INFO] - Swagger documentation initialized
2024-11-10 10:46:38 [INFO] - Database initialized
2024-11-10 10:46:38 [INFO] - Server is running on http://localhost:3000
2024-11-10 10:46:38 [INFO] - API Documentation available at http://localhost:3000/api-docs
2024-11-10 10:49:33 [INFO] - Swagger documentation initialized
2024-11-10 10:49:34 [INFO] - Database initialized
2024-11-10 10:49:34 [INFO] - Server is running on http://localhost:3000
2024-11-10 10:49:34 [INFO] - API Documentation available at http://localhost:3000/api-docs
2024-11-10 10:49:44 [INFO] - Incoming request
2024-11-10 10:50:31 [INFO] - Swagger documentation initialized
2024-11-10 10:50:31 [INFO] - Database initialized
2024-11-10 10:50:31 [INFO] - Server is running on http://localhost:3000
2024-11-10 10:50:31 [INFO] - API Documentation available at http://localhost:3000/api-docs
2024-11-10 10:50:57 [INFO] - Incoming request
2024-11-10 10:51:08 [INFO] - Incoming request
2024-11-10 10:52:14 [INFO] - Incoming request
2024-11-10 10:52:14 [WARN] - Route not found: POST /api/v1/point/department-rank/8237
2024-11-10 10:52:21 [INFO] - Incoming request
2024-11-10 10:52:21 [WARN] - Route not found: GET /api/v1/point/department-rank/8237
2024-11-10 10:52:49 [INFO] - Swagger documentation initialized
2024-11-10 10:52:49 [INFO] - Database initialized
2024-11-10 10:52:49 [INFO] - Server is running on http://localhost:3000
2024-11-10 10:52:49 [INFO] - API Documentation available at http://localhost:3000/api-docs
2024-11-10 10:52:53 [INFO] - Incoming request
2024-11-10 10:52:53 [WARN] - Route not found: GET /api/v1/point/department-rank/8237
2024-11-10 10:53:29 [INFO] - Swagger documentation initialized
2024-11-10 10:53:29 [INFO] - Database initialized
2024-11-10 10:53:29 [INFO] - Server is running on http://localhost:3000
2024-11-10 10:53:29 [INFO] - API Documentation available at http://localhost:3000/api-docs
2024-11-10 10:53:41 [INFO] - Swagger documentation initialized
2024-11-10 10:53:41 [INFO] - Database initialized
2024-11-10 10:53:41 [INFO] - Server is running on http://localhost:3000
2024-11-10 10:53:41 [INFO] - API Documentation available at http://localhost:3000/api-docs
2024-11-10 10:54:03 [INFO] - Incoming request
2024-11-10 10:54:03 [WARN] - Route not found: GET /api/v1/point/department-rank/8237
2024-11-10 10:54:14 [INFO] - Incoming request
2024-11-10 10:54:14 [WARN] - Route not found: GET /api/v1/point/department-rank/8237
2024-11-10 10:55:02 [INFO] - Incoming request
2024-11-10 10:55:02 [WARN] - Route not found: GET /api/v1/points/department-rank/8237
2024-11-10 10:55:35 [INFO] - Incoming request
2024-11-10 10:55:35 [WARN] - Route not found: GET /api/v1/points/balance/8237
2024-11-10 10:56:39 [INFO] - Incoming request
2024-11-10 10:56:39 [ERROR] - Error: Authentication required
2024-11-10 10:59:18 [INFO] - Incoming request
2024-11-10 10:59:18 [ERROR] - Authentication failed for userId: 8237
2024-11-10 10:59:18 [ERROR] - Error: Authentication failed
2024-11-10 11:00:39 [INFO] - Swagger documentation initialized
2024-11-10 11:00:39 [INFO] - Database initialized
2024-11-10 11:00:39 [INFO] - Server is running on http://localhost:3000
2024-11-10 11:00:39 [INFO] - API Documentation available at http://localhost:3000/api-docs
2024-11-10 11:00:46 [INFO] - Incoming request
2024-11-10 11:00:46 [ERROR] - Authentication failed for userId: 8237
2024-11-10 11:00:46 [ERROR] - Error: Authentication failed
2024-11-10 11:01:06 [INFO] - Swagger documentation initialized
2024-11-10 11:01:06 [INFO] - Database initialized
2024-11-10 11:01:06 [INFO] - Server is running on http://localhost:3000
2024-11-10 11:01:06 [INFO] - API Documentation available at http://localhost:3000/api-docs
2024-11-10 11:02:18 [INFO] - Swagger documentation initialized
2024-11-10 11:02:18 [INFO] - Database initialized
2024-11-10 11:02:18 [INFO] - Server is running on http://localhost:3000
2024-11-10 11:02:18 [INFO] - API Documentation available at http://localhost:3000/api-docs
2024-11-10 11:02:24 [INFO] - Incoming request
2024-11-10 11:02:24 [INFO] - userId:8237
2024-11-10 11:02:24 [ERROR] - Authentication failed for userId: 8237
2024-11-10 11:02:24 [ERROR] - Error: Authentication failed
2024-11-10 11:03:24 [INFO] - Swagger documentation initialized
2024-11-10 11:03:24 [INFO] - Database initialized
2024-11-10 11:03:24 [INFO] - Server is running on http://localhost:3000
2024-11-10 11:03:24 [INFO] - API Documentation available at http://localhost:3000/api-docs
2024-11-10 11:03:29 [INFO] - Incoming request
2024-11-10 11:03:29 [INFO] - userId:8237
2024-11-10 11:03:29 [ERROR] - Authentication failed for userId: 8237
2024-11-10 11:03:29 [ERROR] - Error: Authentication failed
2024-11-10 12:08:36 [INFO] - Swagger documentation initialized
2024-11-10 12:08:36 [INFO] - Database initialized
2024-11-10 12:08:36 [INFO] - Server is running on http://localhost:3000
2024-11-10 12:08:36 [INFO] - API Documentation available at http://localhost:3000/api-docs
2024-11-10 12:25:09 [INFO] - Incoming request
2024-11-10 12:25:09 [WARN] - Route not found: POST /api/v1/departments/
2024-11-10 12:26:44 [INFO] - Incoming request
2024-11-10 12:26:44 [WARN] - Route not found: POST /api/v1/departments/
2024-11-10 12:26:54 [INFO] - Incoming request
2024-11-10 12:27:14 [INFO] - Incoming request
2024-11-10 12:27:14 [INFO] - userId:8237
2024-11-10 12:27:14 [ERROR] - Authentication failed for userId: 8237
2024-11-10 12:27:14 [ERROR] - Error: Authentication failed
2024-11-10 12:31:56 [INFO] - Swagger documentation initialized
2024-11-10 12:31:56 [INFO] - Database initialized
2024-11-10 12:31:56 [INFO] - Server is running on http://localhost:3000
2024-11-10 12:31:56 [INFO] - API Documentation available at http://localhost:3000/api-docs
2024-11-10 12:32:21 [INFO] - Incoming request
2024-11-10 12:32:21 [WARN] - Route not found: GET /api/v1/users/userId/8237
2024-11-10 12:32:46 [INFO] - Swagger documentation initialized
2024-11-10 12:32:46 [INFO] - Database initialized
2024-11-10 12:32:46 [INFO] - Server is running on http://localhost:3000
2024-11-10 12:32:46 [INFO] - API Documentation available at http://localhost:3000/api-docs
2024-11-10 12:32:51 [INFO] - Incoming request
2024-11-10 12:32:51 [ERROR] - Error: Property "department" was not found in "User". Make sure your query is correct.
2024-11-10 12:33:52 [INFO] - Swagger documentation initialized
2024-11-10 12:33:53 [INFO] - Database initialized
2024-11-10 12:33:53 [INFO] - Server is running on http://localhost:3000
2024-11-10 12:33:53 [INFO] - API Documentation available at http://localhost:3000/api-docs
2024-11-10 12:33:55 [INFO] - Incoming request
2024-11-10 12:39:44 [INFO] - Swagger documentation initialized
2024-11-10 12:39:44 [INFO] - Database initialized
2024-11-10 12:39:44 [INFO] - Server is running on http://localhost:3000
2024-11-10 12:39:44 [INFO] - API Documentation available at http://localhost:3000/api-docs
2024-11-10 12:43:16 [INFO] - Swagger documentation initialized
2024-11-10 12:43:16 [INFO] - Database initialized
2024-11-10 12:43:16 [INFO] - Server is running on http://localhost:3000
2024-11-10 12:43:16 [INFO] - API Documentation available at http://localhost:3000/api-docs
2024-11-10 12:47:56 [INFO] - Swagger documentation initialized
2024-11-10 12:47:56 [INFO] - Database initialized
2024-11-10 12:47:56 [INFO] - Server is running on http://localhost:3000
2024-11-10 12:47:56 [INFO] - API Documentation available at http://localhost:3000/api-docs
2024-11-10 12:48:08 [INFO] - Incoming request
2024-11-10 12:48:08 [ERROR] - Error: Cannot read properties of undefined (reading 'findOne')
2024-11-10 12:49:01 [INFO] - Swagger documentation initialized
2024-11-10 12:49:01 [INFO] - Database initialized
2024-11-10 12:49:01 [INFO] - Server is running on http://localhost:3000
2024-11-10 12:49:01 [INFO] - API Documentation available at http://localhost:3000/api-docs
2024-11-10 12:49:06 [INFO] - Incoming request
2024-11-10 12:49:57 [INFO] - Swagger documentation initialized
2024-11-10 12:49:57 [INFO] - Database initialized
2024-11-10 12:49:57 [INFO] - Server is running on http://localhost:3000
2024-11-10 12:49:57 [INFO] - API Documentation available at http://localhost:3000/api-docs
2024-11-10 12:54:13 [INFO] - Swagger documentation initialized
2024-11-10 12:54:13 [INFO] - Database initialized
2024-11-10 12:54:13 [INFO] - Server is running on http://localhost:3000
2024-11-10 12:54:13 [INFO] - API Documentation available at http://localhost:3000/api-docs
2024-11-10 12:56:00 [INFO] - Swagger documentation initialized
2024-11-10 12:56:00 [INFO] - Database initialized
2024-11-10 12:56:00 [INFO] - Server is running on http://localhost:3000
2024-11-10 12:56:00 [INFO] - API Documentation available at http://localhost:3000/api-docs
2024-11-10 12:56:21 [INFO] - Swagger documentation initialized
2024-11-10 12:56:22 [INFO] - Database initialized
2024-11-10 12:56:22 [INFO] - Server is running on http://localhost:3000
2024-11-10 12:56:22 [INFO] - API Documentation available at http://localhost:3000/api-docs
2024-11-10 12:58:16 [INFO] - Swagger documentation initialized
2024-11-10 12:58:16 [INFO] - Database initialized
2024-11-10 12:58:16 [INFO] - Server is running on http://localhost:3000
2024-11-10 12:58:16 [INFO] - API Documentation available at http://localhost:3000/api-docs
2024-11-10 12:59:04 [INFO] - Swagger documentation initialized
2024-11-10 12:59:05 [INFO] - Database initialized
2024-11-10 12:59:05 [INFO] - Server is running on http://localhost:3000
2024-11-10 12:59:05 [INFO] - API Documentation available at http://localhost:3000/api-docs
2024-11-10 12:59:43 [INFO] - Swagger documentation initialized
2024-11-10 12:59:43 [INFO] - Database initialized
2024-11-10 12:59:43 [INFO] - Server is running on http://localhost:3000
2024-11-10 12:59:43 [INFO] - API Documentation available at http://localhost:3000/api-docs
2024-11-10 13:00:05 [INFO] - Swagger documentation initialized
2024-11-10 13:00:06 [INFO] - Database initialized
2024-11-10 13:00:06 [INFO] - Server is running on http://localhost:3000
2024-11-10 13:00:06 [INFO] - API Documentation available at http://localhost:3000/api-docs
2024-11-10 13:00:17 [INFO] - Swagger documentation initialized
2024-11-10 13:00:17 [INFO] - Database initialized
2024-11-10 13:00:17 [INFO] - Server is running on http://localhost:3000
2024-11-10 13:00:17 [INFO] - API Documentation available at http://localhost:3000/api-docs
2024-11-10 13:00:32 [INFO] - Swagger documentation initialized
2024-11-10 13:00:32 [INFO] - Database initialized
2024-11-10 13:00:32 [INFO] - Server is running on http://localhost:3000
2024-11-10 13:00:32 [INFO] - API Documentation available at http://localhost:3000/api-docs
2024-11-10 13:09:26 [INFO] - Swagger documentation initialized
2024-11-10 13:09:26 [INFO] - Database initialized
2024-11-10 13:09:26 [INFO] - Server is running on http://localhost:3000
2024-11-10 13:09:26 [INFO] - API Documentation available at http://localhost:3000/api-docs
2024-11-10 13:16:46 [INFO] - Swagger documentation initialized
2024-11-10 13:16:46 [INFO] - Database initialized
2024-11-10 13:16:46 [INFO] - Server is running on http://localhost:3000
2024-11-10 13:16:46 [INFO] - API Documentation available at http://localhost:3000/api-docs
2024-11-10 13:17:35 [INFO] - Incoming request
2024-11-10 13:17:35 [INFO] - Creating new user
2024-11-10 13:17:35 [ERROR] - Error: Property "parent" was not found in "Department". Make sure your query is correct.
2024-11-10 13:20:22 [INFO] - Swagger documentation initialized
2024-11-10 13:20:23 [INFO] - Database initialized
2024-11-10 13:20:23 [INFO] - Server is running on http://localhost:3000
2024-11-10 13:20:23 [INFO] - API Documentation available at http://localhost:3000/api-docs
2024-11-10 13:20:51 [INFO] - Incoming request
2024-11-10 13:20:51 [INFO] - Creating new user
2024-11-10 13:20:51 [INFO] - 11
2024-11-10 13:20:51 [INFO] - 22
2024-11-10 13:20:51 [ERROR] - Error: Property "parent" was not found in "Department". Make sure your query is correct.
2024-11-10 16:49:14 [INFO] - Swagger documentation initialized
2024-11-10 16:49:14 [INFO] - Database initialized
2024-11-10 16:49:14 [INFO] - Server is running on http://localhost:3000
2024-11-10 16:49:14 [INFO] - API Documentation available at http://localhost:3000/api-docs
2024-11-10 16:49:16 [INFO] - Incoming request
2024-11-10 16:49:16 [INFO] - Creating new user
2024-11-10 16:49:16 [INFO] - 11
2024-11-10 16:49:16 [INFO] - 22
2024-11-10 16:49:16 [INFO] - 33
2024-11-10 16:49:16 [INFO] - 44
2024-11-10 16:49:16 [INFO] - 55
2024-11-10 16:49:16 [INFO] - User created successfully: 8241
2024-11-10 16:57:12 [INFO] - Swagger documentation initialized
2024-11-10 16:57:12 [INFO] - Database initialized
2024-11-10 16:57:12 [INFO] - Server is running on http://localhost:3000
2024-11-10 16:57:12 [INFO] - API Documentation available at http://localhost:3000/api-docs
2024-11-10 17:07:34 [INFO] - Swagger documentation initialized
2024-11-10 17:07:35 [INFO] - Database initialized
2024-11-10 17:07:35 [INFO] - Server is running on http://localhost:3000
2024-11-10 17:07:35 [INFO] - API Documentation available at http://localhost:3000/api-docs
2024-11-10 17:09:41 [INFO] - Incoming request
2024-11-10 17:09:41 [INFO] - userId:8237
2024-11-10 17:09:41 [INFO] - userId:[object Object]
2024-11-10 17:09:41 [INFO] - userId:[object Object]
2024-11-10 17:09:41 [INFO] - userId:[object Object]
2024-11-10 17:09:41 [WARN] - Route not found: GET /api/v1/user/user
2024-11-10 17:09:47 [INFO] - Incoming request
2024-11-10 17:09:47 [INFO] - userId:8237
2024-11-10 17:09:47 [INFO] - userId:[object Object]
2024-11-10 17:09:47 [INFO] - userId:[object Object]
2024-11-10 17:09:47 [INFO] - userId:[object Object]
2024-11-10 17:09:47 [INFO] - userId:8237
2024-11-10 17:09:47 [INFO] - userId:[object Object]
2024-11-10 17:09:47 [INFO] - userId:[object Object]
2024-11-10 17:09:47 [INFO] - userId:[object Object]
2024-11-10 17:13:56 [INFO] - Swagger documentation initialized
2024-11-10 17:13:56 [INFO] - Database initialized
2024-11-10 17:13:56 [INFO] - Server is running on http://localhost:3000
2024-11-10 17:13:56 [INFO] - API Documentation available at http://localhost:3000/api-docs
2024-11-10 17:14:09 [INFO] - Swagger documentation initialized
2024-11-10 17:14:09 [INFO] - Database initialized
2024-11-10 17:14:09 [INFO] - Server is running on http://localhost:3000
2024-11-10 17:14:09 [INFO] - API Documentation available at http://localhost:3000/api-docs
2024-11-10 21:09:37 [INFO] - Incoming request
2024-11-10 21:09:37 [INFO] - userId:8237
2024-11-10 21:09:37 [INFO] - userId:[object Object]
2024-11-10 21:09:37 [INFO] - userId:[object Object]
2024-11-10 21:09:37 [INFO] - userId:[object Object]
2024-11-10 21:09:37 [INFO] - userId:8237
2024-11-10 21:09:37 [INFO] - userId:[object Object]
2024-11-10 21:09:37 [INFO] - userId:[object Object]
2024-11-10 21:09:37 [INFO] - userId:[object Object]
2024-11-10 21:15:26 [INFO] - Swagger documentation initialized
2024-11-10 21:15:26 [INFO] - Database initialized
2024-11-10 21:15:26 [INFO] - Server is running on http://localhost:3000
2024-11-10 21:15:26 [INFO] - API Documentation available at http://localhost:3000/api-docs
2024-11-10 21:30:55 [INFO] - Swagger documentation initialized
2024-11-10 21:30:55 [INFO] - Database initialized
2024-11-10 21:30:55 [INFO] - Server is running on http://localhost:3000
2024-11-10 21:30:55 [INFO] - API Documentation available at http://localhost:3000/api-docs
2024-11-10 21:32:06 [INFO] - Swagger documentation initialized
2024-11-10 21:32:06 [INFO] - Database initialized
2024-11-10 21:32:06 [INFO] - Server is running on http://localhost:3000
2024-11-10 21:32:06 [INFO] - API Documentation available at http://localhost:3000/api-docs
2024-11-10 21:32:24 [INFO] - Swagger documentation initialized
2024-11-10 21:32:25 [INFO] - Database initialized
2024-11-10 21:32:25 [INFO] - Server is running on http://localhost:3000
2024-11-10 21:32:25 [INFO] - API Documentation available at http://localhost:3000/api-docs
2024-11-10 21:34:52 [INFO] - Swagger documentation initialized
2024-11-10 21:34:53 [INFO] - Database initialized
2024-11-10 21:34:53 [INFO] - Server is running on http://localhost:3000
2024-11-10 21:34:53 [INFO] - API Documentation available at http://localhost:3000/api-docs
2024-11-10 21:38:53 [INFO] - Swagger documentation initialized
2024-11-10 21:38:53 [INFO] - Database initialized
2024-11-10 21:38:53 [INFO] - Server is running on http://localhost:3000
2024-11-10 21:38:53 [INFO] - API Documentation available at http://localhost:3000/api-docs
2024-11-10 21:39:32 [INFO] - Swagger documentation initialized
2024-11-10 21:39:32 [INFO] - Database initialized
2024-11-10 21:39:32 [INFO] - Server is running on http://localhost:3000
2024-11-10 21:39:32 [INFO] - API Documentation available at http://localhost:3000/api-docs
2024-11-10 21:40:41 [INFO] - Swagger documentation initialized
2024-11-10 21:40:42 [INFO] - Database initialized
2024-11-10 21:40:42 [INFO] - Server is running on http://localhost:3000
2024-11-10 21:40:42 [INFO] - API Documentation available at http://localhost:3000/api-docs
2024-11-10 21:41:42 [INFO] - Swagger documentation initialized
2024-11-10 21:41:42 [INFO] - Database initialized
2024-11-10 21:41:42 [INFO] - Server is running on http://localhost:3000
2024-11-10 21:41:42 [INFO] - API Documentation available at http://localhost:3000/api-docs
2024-11-10 21:44:04 [INFO] - Swagger documentation initialized
2024-11-10 21:44:04 [INFO] - Database initialized
2024-11-10 21:44:04 [INFO] - Server is running on http://localhost:3000
2024-11-10 21:44:04 [INFO] - API Documentation available at http://localhost:3000/api-docs
2024-11-10 21:49:10 [INFO] - Swagger documentation initialized
2024-11-10 21:49:10 [INFO] - Database initialized
2024-11-10 21:49:10 [INFO] - Server is running on http://localhost:3000
2024-11-10 21:49:10 [INFO] - API Documentation available at http://localhost:3000/api-docs
2024-11-10 21:49:33 [INFO] - Swagger documentation initialized
2024-11-10 21:49:34 [INFO] - Database initialized
2024-11-10 21:49:34 [INFO] - Server is running on http://localhost:3000
2024-11-10 21:49:34 [INFO] - API Documentation available at http://localhost:3000/api-docs
2024-11-10 21:52:12 [INFO] - Swagger documentation initialized
2024-11-10 21:52:13 [INFO] - Database initialized
2024-11-10 21:52:13 [INFO] - Server is running on http://localhost:3000
2024-11-10 21:52:13 [INFO] - API Documentation available at http://localhost:3000/api-docs
2024-11-10 21:52:49 [INFO] - Swagger documentation initialized
2024-11-10 21:52:50 [INFO] - Database initialized
2024-11-10 21:52:50 [INFO] - Server is running on http://localhost:3000
2024-11-10 21:52:50 [INFO] - API Documentation available at http://localhost:3000/api-docs
2024-11-10 21:53:06 [INFO] - Incoming request
2024-11-10 21:53:19 [INFO] - Incoming request
2024-11-10 21:53:19 [ERROR] - Error: invalid input syntax for type uuid: "balances"
2024-11-10 21:59:19 [INFO] - Swagger documentation initialized
2024-11-10 21:59:19 [INFO] - Database initialized
2024-11-10 21:59:19 [INFO] - Server is running on http://localhost:3000
2024-11-10 21:59:19 [INFO] - API Documentation available at http://localhost:3000/api-docs
2024-11-10 22:02:16 [INFO] - Swagger documentation initialized
2024-11-10 22:02:16 [INFO] - Database initialized
2024-11-10 22:02:16 [INFO] - Server is running on http://localhost:3000
2024-11-10 22:02:16 [INFO] - API Documentation available at http://localhost:3000/api-docs
2024-11-10 22:04:25 [INFO] - Swagger documentation initialized
2024-11-10 22:04:25 [INFO] - Database initialized
2024-11-10 22:04:25 [INFO] - Server is running on http://localhost:3000
2024-11-10 22:04:25 [INFO] - API Documentation available at http://localhost:3000/api-docs
2024-11-10 22:10:46 [INFO] - Swagger documentation initialized
2024-11-10 22:10:46 [INFO] - Database initialized
2024-11-10 22:10:46 [INFO] - Server is running on http://localhost:3000
2024-11-10 22:10:46 [INFO] - API Documentation available at http://localhost:3000/api-docs
2024-11-10 22:14:51 [INFO] - Swagger documentation initialized
2024-11-10 22:14:51 [INFO] - Database initialized
2024-11-10 22:14:51 [INFO] - Server is running on http://localhost:3000
2024-11-10 22:14:51 [INFO] - API Documentation available at http://localhost:3000/api-docs
2024-11-10 22:15:03 [INFO] - Swagger documentation initialized
2024-11-10 22:15:04 [INFO] - Database initialized
2024-11-10 22:15:04 [INFO] - Server is running on http://localhost:3000
2024-11-10 22:15:04 [INFO] - API Documentation available at http://localhost:3000/api-docs
2024-11-10 22:17:54 [INFO] - Swagger documentation initialized
2024-11-10 22:17:54 [INFO] - Database initialized
2024-11-10 22:17:54 [INFO] - Server is running on http://localhost:3000
2024-11-10 22:17:54 [INFO] - API Documentation available at http://localhost:3000/api-docs
2024-11-10 22:22:41 [INFO] - Swagger documentation initialized
2024-11-10 22:22:42 [INFO] - Database initialized
2024-11-10 22:22:42 [INFO] - Server is running on http://localhost:3000
2024-11-10 22:22:42 [INFO] - API Documentation available at http://localhost:3000/api-docs
2024-11-10 22:26:43 [INFO] - Swagger documentation initialized
2024-11-10 22:26:43 [INFO] - Database initialized
2024-11-10 22:26:43 [INFO] - Server is running on http://localhost:3000
2024-11-10 22:26:43 [INFO] - API Documentation available at http://localhost:3000/api-docs
2024-11-10 22:27:11 [INFO] - Swagger documentation initialized
2024-11-10 22:27:12 [INFO] - Database initialized
2024-11-10 22:27:12 [INFO] - Server is running on http://localhost:3000
2024-11-10 22:27:12 [INFO] - API Documentation available at http://localhost:3000/api-docs
2024-11-10 22:29:34 [INFO] - Swagger documentation initialized
2024-11-10 22:29:34 [INFO] - Database initialized
2024-11-10 22:29:34 [INFO] - Server is running on http://localhost:3000
2024-11-10 22:29:34 [INFO] - API Documentation available at http://localhost:3000/api-docs
2024-11-10 22:30:10 [INFO] - Swagger documentation initialized
2024-11-10 22:30:11 [INFO] - Database initialized
2024-11-10 22:30:11 [INFO] - Server is running on http://localhost:3000
2024-11-10 22:30:11 [INFO] - API Documentation available at http://localhost:3000/api-docs
2024-11-10 22:43:32 [INFO] - Swagger documentation initialized
2024-11-10 22:43:32 [INFO] - Database initialized
2024-11-10 22:43:32 [INFO] - Server is running on http://localhost:3000
2024-11-10 22:43:32 [INFO] - API Documentation available at http://localhost:3000/api-docs
2024-11-10 22:44:06 [INFO] - Swagger documentation initialized
2024-11-10 22:44:06 [INFO] - Database initialized
2024-11-10 22:44:06 [INFO] - Server is running on http://localhost:3000
2024-11-10 22:44:06 [INFO] - API Documentation available at http://localhost:3000/api-docs
2024-11-10 22:44:13 [INFO] - Incoming request
2024-11-10 22:44:13 [ERROR] - Error: invalid input syntax for type uuid: "balances"
2024-11-10 22:44:18 [INFO] - Incoming request
2024-11-10 22:44:18 [ERROR] - Error: invalid input syntax for type uuid: "balance"
2024-11-10 22:44:43 [INFO] - Incoming request
2024-11-10 22:44:43 [WARN] - Route not found: GET /api/v1/user/balance
2024-11-10 22:45:15 [INFO] - Incoming request
2024-11-10 22:46:18 [INFO] - Incoming request
2024-11-10 22:46:18 [INFO] - Creating new pointBalance
2024-11-10 22:46:18 [ERROR] - Error: Missing required fields: pointType
2024-11-10 22:46:58 [INFO] - Incoming request
2024-11-10 22:46:58 [INFO] - Creating new pointBalance
2024-11-10 22:46:58 [ERROR] - Error: null value in column "lastUpdatedAt" of relation "EPSP001M01" violates not-null constraint
2024-11-10 22:49:14 [INFO] - Swagger documentation initialized
2024-11-10 22:49:14 [INFO] - Database initialized
2024-11-10 22:49:14 [INFO] - Server is running on http://localhost:3000
2024-11-10 22:49:14 [INFO] - API Documentation available at http://localhost:3000/api-docs
2024-11-10 22:55:40 [INFO] - Swagger documentation initialized
2024-11-10 22:55:40 [INFO] - Database initialized
2024-11-10 22:55:40 [INFO] - Server is running on http://localhost:3000
2024-11-10 22:55:40 [INFO] - API Documentation available at http://localhost:3000/api-docs
2024-11-10 22:59:16 [INFO] - Swagger documentation initialized
2024-11-10 22:59:16 [INFO] - Database initialized
2024-11-10 22:59:16 [INFO] - Server is running on http://localhost:3000
2024-11-10 22:59:16 [INFO] - API Documentation available at http://localhost:3000/api-docs
2024-11-10 23:00:05 [INFO] - Swagger documentation initialized
2024-11-10 23:00:06 [INFO] - Database initialized
2024-11-10 23:00:06 [INFO] - Server is running on http://localhost:3000
2024-11-10 23:00:06 [INFO] - API Documentation available at http://localhost:3000/api-docs
2024-11-10 23:01:04 [INFO] - Swagger documentation initialized
2024-11-10 23:01:04 [INFO] - Database initialized
2024-11-10 23:01:04 [INFO] - Server is running on http://localhost:3000
2024-11-10 23:01:04 [INFO] - API Documentation available at http://localhost:3000/api-docs
2024-11-10 23:01:36 [INFO] - Incoming request
2024-11-10 23:01:36 [INFO] - Creating new pointBalance
2024-11-10 23:01:37 [INFO] - User created successfully: 8237
2024-11-10 23:06:14 [INFO] - Swagger documentation initialized
2024-11-10 23:06:14 [INFO] - Database initialized
2024-11-10 23:06:14 [INFO] - Server is running on http://localhost:3000
2024-11-10 23:06:14 [INFO] - API Documentation available at http://localhost:3000/api-docs
2024-11-10 23:08:21 [INFO] - Swagger documentation initialized
2024-11-10 23:08:22 [INFO] - Database initialized
2024-11-10 23:08:22 [INFO] - Server is running on http://localhost:3000
2024-11-10 23:08:22 [INFO] - API Documentation available at http://localhost:3000/api-docs
2024-11-10 23:10:08 [INFO] - Swagger documentation initialized
2024-11-10 23:10:08 [INFO] - Database initialized
2024-11-10 23:10:08 [INFO] - Server is running on http://localhost:3000
2024-11-10 23:10:08 [INFO] - API Documentation available at http://localhost:3000/api-docs
2024-11-10 23:13:49 [INFO] - Swagger documentation initialized
2024-11-10 23:13:49 [INFO] - Database initialized
2024-11-10 23:13:49 [INFO] - Server is running on http://localhost:3000
2024-11-10 23:13:49 [INFO] - API Documentation available at http://localhost:3000/api-docs
2024-11-10 23:18:28 [INFO] - Swagger documentation initialized
2024-11-10 23:18:28 [INFO] - Database initialized
2024-11-10 23:18:28 [INFO] - Server is running on http://localhost:3000
2024-11-10 23:18:28 [INFO] - API Documentation available at http://localhost:3000/api-docs
2024-11-10 23:23:48 [INFO] - Swagger documentation initialized
2024-11-10 23:23:48 [INFO] - Database initialized
2024-11-10 23:23:48 [INFO] - Server is running on http://localhost:3000
2024-11-10 23:23:48 [INFO] - API Documentation available at http://localhost:3000/api-docs
2024-11-10 23:24:41 [INFO] - Swagger documentation initialized
2024-11-10 23:24:42 [INFO] - Database initialized
2024-11-10 23:24:42 [INFO] - Server is running on http://localhost:3000
2024-11-10 23:24:42 [INFO] - API Documentation available at http://localhost:3000/api-docs
2024-11-10 23:26:03 [INFO] - Swagger documentation initialized
2024-11-10 23:26:03 [INFO] - Database initialized
2024-11-10 23:26:03 [INFO] - Server is running on http://localhost:3000
2024-11-10 23:26:03 [INFO] - API Documentation available at http://localhost:3000/api-docs
2024-11-10 23:28:20 [INFO] - Swagger documentation initialized
2024-11-10 23:28:20 [INFO] - Database initialized
2024-11-10 23:28:20 [INFO] - Server is running on http://localhost:3000
2024-11-10 23:28:20 [INFO] - API Documentation available at http://localhost:3000/api-docs
2024-11-10 23:31:23 [INFO] - Swagger documentation initialized
2024-11-10 23:31:24 [INFO] - Database initialized
2024-11-10 23:31:24 [INFO] - Server is running on http://localhost:3000
2024-11-10 23:31:24 [INFO] - API Documentation available at http://localhost:3000/api-docs
2024-11-10 23:59:27 [INFO] - Swagger documentation initialized
2024-11-10 23:59:27 [INFO] - Database initialized
2024-11-10 23:59:27 [INFO] - Server is running on http://localhost:3000
2024-11-10 23:59:27 [INFO] - API Documentation available at http://localhost:3000/api-docs
2024-11-11 00:02:21 [INFO] - Swagger documentation initialized
2024-11-11 00:02:21 [INFO] - Database initialized
2024-11-11 00:02:21 [INFO] - Server is running on http://localhost:3000
2024-11-11 00:02:21 [INFO] - API Documentation available at http://localhost:3000/api-docs
2024-11-11 00:02:43 [INFO] - Swagger documentation initialized
2024-11-11 00:02:43 [INFO] - Database initialized
2024-11-11 00:02:43 [INFO] - Server is running on http://localhost:3000
2024-11-11 00:02:43 [INFO] - API Documentation available at http://localhost:3000/api-docs
2024-11-11 00:12:12 [INFO] - Swagger documentation initialized
2024-11-11 00:12:13 [INFO] - Database initialized
2024-11-11 00:12:13 [INFO] - Server is running on http://localhost:3000
2024-11-11 00:12:13 [INFO] - API Documentation available at http://localhost:3000/api-docs
2024-11-11 00:17:56 [INFO] - Swagger documentation initialized
2024-11-11 00:17:56 [INFO] - Database initialized
2024-11-11 00:17:56 [INFO] - Server is running on http://localhost:3000
2024-11-11 00:17:56 [INFO] - API Documentation available at http://localhost:3000/api-docs
2024-11-23 23:21:07 [INFO] - Swagger documentation initialized
2024-11-23 23:21:07 [INFO] - Database initialized
2024-11-23 23:21:07 [INFO] - Server is running on http://localhost:3000
2024-11-23 23:21:07 [INFO] - API Documentation available at http://localhost:3000/api-docs
2024-11-23 23:23:09 [INFO] - Incoming request
2024-11-24 00:03:32 [INFO] - Swagger documentation initialized
2024-11-24 00:03:32 [INFO] - Database initialized
2024-11-24 00:03:32 [INFO] - Server is running on http://localhost:3000
2024-11-24 00:03:32 [INFO] - API Documentation available at http://localhost:3000/api-docs
2024-11-24 01:51:25 [INFO] - Swagger documentation initialized
2024-11-24 01:51:25 [INFO] - Database initialized
2024-11-24 01:51:25 [INFO] - Server is running on http://localhost:3000
2024-11-24 01:51:25 [INFO] - API Documentation available at http://localhost:3000/api-docs
